<?xml version="1.0" encoding="UTF-8"?>
<testsuite name="Run On CHROME UI"
           tests="7"
           failures="0"
           errors="0"
           skipped="0"
           time="64.563">
  <properties />
  
  
            <testcase name="TC_02_Verify_Product_Name_Is_Sort_Descending" time="13.651" classname="testcases.Practice_05_Sort_Dislay_Paging" />
                <testcase name="TC_04_Verify_Product_Price_Is_Sort_DESC" time="2.148" classname="testcases.Practice_05_Sort_Dislay_Paging" />
                <testcase name="TC_06_Verify_Page_Size_Equal_6" time="11.905" classname="testcases.Practice_05_Sort_Dislay_Paging" />
                <testcase name="TC_03_Verify_Product_Price_Is_Sort_ASC" time="7.425" classname="testcases.Practice_05_Sort_Dislay_Paging" />
                <testcase name="TC_05_Verify_Page_Size_Equal_3" time="10.159" classname="testcases.Practice_05_Sort_Dislay_Paging" />
                <testcase name="TC_01_Verify_Product_Name_Is_Sort_Ascending" time="7.468" classname="testcases.Practice_05_Sort_Dislay_Paging" />
                <testcase name="TC_07_Verify_Page_Size_Equal_9" time="11.807" classname="testcases.Practice_05_Sort_Dislay_Paging" />
      
</testsuite>
